2020-07-16 16:13:59,011 INFO o.a.j.u.JMeterUtils: Setting Locale to en_GB
2020-07-16 16:13:59,062 INFO o.a.j.JMeter: Loading user properties from: /home/gsaha/.bzt/jmeter-taurus/5.2.1/bin/user.properties
2020-07-16 16:13:59,064 INFO o.a.j.JMeter: Loading system properties from: /home/gsaha/.bzt/jmeter-taurus/5.2.1/bin/system.properties
2020-07-16 16:13:59,065 INFO o.a.j.JMeter: Loading additional properties from: /home/gsaha/Desktop/performance/taurus_bzt/2020-07-16_16-13-50.255642/jmeter-bzt.properties
2020-07-16 16:13:59,068 INFO o.a.j.JMeter: Copyright (c) 1998-2019 The Apache Software Foundation
2020-07-16 16:13:59,068 INFO o.a.j.JMeter: Version 5.2.1
2020-07-16 16:13:59,068 INFO o.a.j.JMeter: java.version=11.0.6
2020-07-16 16:13:59,069 INFO o.a.j.JMeter: java.vm.name=OpenJDK 64-Bit Server VM
2020-07-16 16:13:59,069 INFO o.a.j.JMeter: os.name=Linux
2020-07-16 16:13:59,069 INFO o.a.j.JMeter: os.arch=amd64
2020-07-16 16:13:59,069 INFO o.a.j.JMeter: os.version=5.0.0-32-generic
2020-07-16 16:13:59,069 INFO o.a.j.JMeter: file.encoding=UTF-8
2020-07-16 16:13:59,069 INFO o.a.j.JMeter: java.awt.headless=true
2020-07-16 16:13:59,069 INFO o.a.j.JMeter: Max memory     =4123000832
2020-07-16 16:13:59,070 INFO o.a.j.JMeter: Available Processors =4
2020-07-16 16:13:59,081 INFO o.a.j.JMeter: Default Locale=English (United Kingdom)
2020-07-16 16:13:59,082 INFO o.a.j.JMeter: JMeter  Locale=English (United Kingdom)
2020-07-16 16:13:59,083 INFO o.a.j.JMeter: JMeterHome=/home/gsaha/.bzt/jmeter-taurus/5.2.1
2020-07-16 16:13:59,083 INFO o.a.j.JMeter: user.dir  =/home/gsaha/Desktop/performance/taurus_bzt
2020-07-16 16:13:59,083 INFO o.a.j.JMeter: PWD       =/home/gsaha/Desktop/performance/taurus_bzt
2020-07-16 16:13:59,143 INFO o.a.j.JMeter: IP: 192.168.1.35 Name: gs FullName: gs.home
2020-07-16 16:13:59,144 INFO o.a.j.JMeter: user.classpath=/home/gsaha/Desktop/performance/taurus_bzt/2020-07-16_16-13-50.255642:/home/gsaha/Desktop/performance/script_jmeter
2020-07-16 16:13:59,144 INFO o.a.j.JMeter: Adding to classpath and loader: /home/gsaha/Desktop/performance/taurus_bzt/2020-07-16_16-13-50.255642
2020-07-16 16:13:59,145 INFO o.a.j.JMeter: Adding to classpath and loader: /home/gsaha/Desktop/performance/script_jmeter
2020-07-16 16:13:59,169 INFO o.a.j.s.FileServer: Default base='/home/gsaha/Desktop/performance/taurus_bzt'
2020-07-16 16:13:59,171 INFO o.a.j.s.FileServer: Set new base='/home/gsaha/Desktop/performance/script_jmeter'
2020-07-16 16:13:59,452 INFO o.a.j.s.SaveService: Testplan (JMX) version: 2.2. Testlog (JTL) version: 2.2
2020-07-16 16:13:59,473 INFO o.a.j.s.SaveService: Using SaveService properties version 5.0
2020-07-16 16:13:59,479 INFO o.a.j.s.SaveService: Using SaveService properties file encoding UTF-8
2020-07-16 16:13:59,487 INFO o.a.j.s.SaveService: Loading file: /home/gsaha/Desktop/performance/script_jmeter/modified_performance_gateway.jmx
2020-07-16 16:13:59,577 INFO o.a.j.p.h.s.HTTPSamplerBase: Parser for text/html is org.apache.jmeter.protocol.http.parser.LagartoBasedHtmlParser
2020-07-16 16:13:59,579 INFO o.a.j.p.h.s.HTTPSamplerBase: Parser for application/xhtml+xml is org.apache.jmeter.protocol.http.parser.LagartoBasedHtmlParser
2020-07-16 16:13:59,582 INFO o.a.j.p.h.s.HTTPSamplerBase: Parser for application/xml is org.apache.jmeter.protocol.http.parser.LagartoBasedHtmlParser
2020-07-16 16:13:59,583 INFO o.a.j.p.h.s.HTTPSamplerBase: Parser for text/xml is org.apache.jmeter.protocol.http.parser.LagartoBasedHtmlParser
2020-07-16 16:13:59,586 INFO o.a.j.p.h.s.HTTPSamplerBase: Parser for text/vnd.wap.wml is org.apache.jmeter.protocol.http.parser.RegexpHTMLParser
2020-07-16 16:13:59,586 INFO o.a.j.p.h.s.HTTPSamplerBase: Parser for text/css is org.apache.jmeter.protocol.http.parser.CssParser
2020-07-16 16:13:59,685 INFO o.a.j.e.StandardJMeterEngine: Running the test!
2020-07-16 16:13:59,694 INFO o.a.j.s.SampleEvent: List of sample_variables: []
2020-07-16 16:13:59,694 INFO o.a.j.s.SampleEvent: List of sample_variables: []
2020-07-16 16:13:59,706 INFO o.a.j.e.u.CompoundVariable: Note: Function class names must contain the string: '.functions.'
2020-07-16 16:13:59,706 INFO o.a.j.e.u.CompoundVariable: Note: Function class names must not contain the string: '.gui.'
2020-07-16 16:14:00,253 INFO o.a.j.JMeter: Running test (1594934040253)
2020-07-16 16:14:00,295 INFO o.a.j.e.StandardJMeterEngine: Starting ThreadGroup: 1 : prueba_performance
2020-07-16 16:14:00,298 INFO o.a.j.e.StandardJMeterEngine: Starting 15 threads for group prueba_performance.
2020-07-16 16:14:00,298 INFO o.a.j.e.StandardJMeterEngine: Thread will continue on error
2020-07-16 16:14:00,308 INFO c.b.j.t.c.ConcurrencyThreadStarter: Start supplying threads
2020-07-16 16:14:00,308 INFO o.a.j.e.StandardJMeterEngine: All thread groups have been started
2020-07-16 16:14:00,360 INFO o.a.j.s.SampleResult: Note: Sample TimeStamps are START times
2020-07-16 16:14:00,360 INFO o.a.j.s.SampleResult: sampleresult.default.encoding is set to UTF-8
2020-07-16 16:14:00,360 INFO o.a.j.s.SampleResult: sampleresult.useNanoTime=true
2020-07-16 16:14:00,360 INFO o.a.j.s.SampleResult: sampleresult.nanoThreadSleep=5000
2020-07-16 16:14:00,420 INFO o.a.j.t.JMeterThread: Thread started: prueba_performance-ThreadStarter 1-1
2020-07-16 16:14:00,422 INFO o.a.j.s.FileServer: Stored: /home/gsaha/Desktop/performance/data_excel/info.csv
2020-07-16 16:14:00,467 INFO o.a.j.p.h.s.HTTPHCAbstractImpl: Local host = gs
2020-07-16 16:14:00,479 INFO o.a.j.p.h.s.HTTPHC4Impl: HTTP request retry count = 0
2020-07-16 16:14:00,747 INFO o.a.j.p.h.s.h.LazyLayeredConnectionSocketFactory: Setting up HTTPS TrustAll Socket Factory
2020-07-16 16:14:00,759 INFO o.a.j.u.JsseSSLManager: Using default SSL protocol: TLS
2020-07-16 16:14:00,759 INFO o.a.j.u.JsseSSLManager: SSL session context: per-thread
2020-07-16 16:14:00,959 INFO o.a.j.u.SSLManager: JmeterKeyStore Location:  type JKS
2020-07-16 16:14:00,970 INFO o.a.j.u.SSLManager: KeyStore created OK
2020-07-16 16:14:00,970 WARN o.a.j.u.SSLManager: Keystore file not found, loading empty keystore
2020-07-16 16:14:01,423 INFO o.a.j.t.JMeterThread: Thread started: prueba_performance-ThreadStarter 1-4
2020-07-16 16:14:01,454 INFO o.a.j.t.JMeterThread: Thread started: prueba_performance-ThreadStarter 1-3
2020-07-16 16:14:01,454 INFO o.a.j.t.JMeterThread: Thread started: prueba_performance-ThreadStarter 1-7
2020-07-16 16:14:01,455 INFO o.a.j.t.JMeterThread: Thread started: prueba_performance-ThreadStarter 1-2
2020-07-16 16:14:01,457 INFO o.a.j.t.JMeterThread: Thread started: prueba_performance-ThreadStarter 1-5
2020-07-16 16:14:01,457 INFO o.a.j.t.JMeterThread: Thread started: prueba_performance-ThreadStarter 1-8
2020-07-16 16:14:01,457 INFO o.a.j.t.JMeterThread: Thread started: prueba_performance-ThreadStarter 1-9
2020-07-16 16:14:01,472 INFO o.a.j.t.JMeterThread: Thread started: prueba_performance-ThreadStarter 1-6
2020-07-16 16:14:01,477 INFO o.a.j.t.JMeterThread: Thread started: prueba_performance-ThreadStarter 1-13
2020-07-16 16:14:01,479 INFO o.a.j.t.JMeterThread: Thread started: prueba_performance-ThreadStarter 1-11
2020-07-16 16:14:01,480 INFO o.a.j.t.JMeterThread: Thread started: prueba_performance-ThreadStarter 1-12
2020-07-16 16:14:01,484 INFO o.a.j.t.JMeterThread: Thread started: prueba_performance-ThreadStarter 1-14
2020-07-16 16:14:01,507 INFO o.a.j.t.JMeterThread: Thread started: prueba_performance-ThreadStarter 1-15
2020-07-16 16:14:01,472 INFO o.a.j.t.JMeterThread: Thread started: prueba_performance-ThreadStarter 1-10
2020-07-16 16:15:01,510 INFO c.b.j.t.c.ConcurrencyThreadStarter: Done supplying threads
2020-07-16 16:15:01,547 INFO o.a.j.t.JMeterThread: Thread is done: prueba_performance-ThreadStarter 1-10
2020-07-16 16:15:01,547 INFO o.a.j.t.JMeterThread: Thread finished: prueba_performance-ThreadStarter 1-10
2020-07-16 16:15:01,548 INFO o.a.j.t.JMeterThread: Thread is done: prueba_performance-ThreadStarter 1-12
2020-07-16 16:15:01,548 INFO o.a.j.t.JMeterThread: Thread finished: prueba_performance-ThreadStarter 1-12
2020-07-16 16:15:01,550 INFO o.a.j.t.JMeterThread: Thread is done: prueba_performance-ThreadStarter 1-3
2020-07-16 16:15:01,550 INFO o.a.j.t.JMeterThread: Thread finished: prueba_performance-ThreadStarter 1-3
2020-07-16 16:15:01,584 INFO o.a.j.t.JMeterThread: Thread is done: prueba_performance-ThreadStarter 1-4
2020-07-16 16:15:01,585 INFO o.a.j.t.JMeterThread: Thread finished: prueba_performance-ThreadStarter 1-4
2020-07-16 16:15:01,669 INFO o.a.j.t.JMeterThread: Thread is done: prueba_performance-ThreadStarter 1-7
2020-07-16 16:15:01,669 INFO o.a.j.t.JMeterThread: Thread finished: prueba_performance-ThreadStarter 1-7
2020-07-16 16:15:01,977 INFO o.a.j.t.JMeterThread: Thread is done: prueba_performance-ThreadStarter 1-2
2020-07-16 16:15:01,977 INFO o.a.j.t.JMeterThread: Thread finished: prueba_performance-ThreadStarter 1-2
2020-07-16 16:15:02,248 INFO o.a.j.t.JMeterThread: Thread is done: prueba_performance-ThreadStarter 1-9
2020-07-16 16:15:02,248 INFO o.a.j.t.JMeterThread: Thread finished: prueba_performance-ThreadStarter 1-9
2020-07-16 16:15:02,705 INFO o.a.j.t.JMeterThread: Thread is done: prueba_performance-ThreadStarter 1-15
2020-07-16 16:15:02,705 INFO o.a.j.t.JMeterThread: Thread finished: prueba_performance-ThreadStarter 1-15
2020-07-16 16:15:02,743 INFO o.a.j.t.JMeterThread: Thread is done: prueba_performance-ThreadStarter 1-6
2020-07-16 16:15:02,743 INFO o.a.j.t.JMeterThread: Thread finished: prueba_performance-ThreadStarter 1-6
2020-07-16 16:15:02,746 INFO o.a.j.t.JMeterThread: Thread is done: prueba_performance-ThreadStarter 1-11
2020-07-16 16:15:02,746 INFO o.a.j.t.JMeterThread: Thread finished: prueba_performance-ThreadStarter 1-11
2020-07-16 16:15:03,428 INFO o.a.j.t.JMeterThread: Thread is done: prueba_performance-ThreadStarter 1-13
2020-07-16 16:15:03,429 INFO o.a.j.t.JMeterThread: Thread finished: prueba_performance-ThreadStarter 1-13
2020-07-16 16:15:10,694 INFO o.a.j.t.JMeterThread: Thread is done: prueba_performance-ThreadStarter 1-1
2020-07-16 16:15:10,694 INFO o.a.j.t.JMeterThread: Thread finished: prueba_performance-ThreadStarter 1-1
2020-07-16 16:15:10,813 INFO o.a.j.t.JMeterThread: Thread is done: prueba_performance-ThreadStarter 1-5
2020-07-16 16:15:10,813 INFO o.a.j.t.JMeterThread: Thread finished: prueba_performance-ThreadStarter 1-5
2020-07-16 16:15:14,635 INFO o.a.j.t.JMeterThread: Thread is done: prueba_performance-ThreadStarter 1-14
2020-07-16 16:15:14,635 INFO o.a.j.t.JMeterThread: Thread finished: prueba_performance-ThreadStarter 1-14
2020-07-16 16:15:14,636 INFO o.a.j.t.JMeterThread: Thread is done: prueba_performance-ThreadStarter 1-8
2020-07-16 16:15:14,636 INFO o.a.j.t.JMeterThread: Thread finished: prueba_performance-ThreadStarter 1-8
2020-07-16 16:15:14,636 INFO o.a.j.e.StandardJMeterEngine: Notifying test listeners of end of test
2020-07-16 16:15:14,637 INFO o.a.j.s.FileServer: Close: /home/gsaha/Desktop/performance/data_excel/info.csv
2020-07-16 16:15:14,642 INFO o.a.j.e.StandardJMeterEngine: Forced JVM shutdown requested at end of test
