[2020-07-16 16:08:32,427 INFO root] Taurus CLI Tool v1.14.2
[2020-07-16 16:08:32,428 DEBUG root] Command-line options: {'log': '/tmp/bzt_4tfmx7ek.log', 'option': None, 'quiet': None, 'verbose': None, 'no_system_configs': None, 'aliases': []}
[2020-07-16 16:08:32,428 DEBUG root] Python: CPython 3.6.9
[2020-07-16 16:08:32,428 DEBUG root] OS: uname_result(system='Linux', node='gs', release='5.0.0-32-generic', version='#34~18.04.2-Ubuntu SMP Thu Oct 10 10:36:02 UTC 2019', machine='x86_64', processor='x86_64')
[2020-07-16 16:08:32,428 INFO root] Starting with configs: ['performance-testing.yml']
[2020-07-16 16:08:32,428 DEBUG root] Using personal config: /home/gsaha/.bzt-rc
[2020-07-16 16:08:32,428 INFO Engine] Configuring...
[2020-07-16 16:08:32,448 DEBUG Engine] Base configs list: ['/usr/local/lib/python3.6/dist-packages/bzt/resources/10-base-config.yml']
[2020-07-16 16:08:32,448 DEBUG Engine.Configuration] Configs: ['/usr/local/lib/python3.6/dist-packages/bzt/resources/10-base-config.yml']
[2020-07-16 16:08:32,449 DEBUG Engine.Configuration] Reading /usr/local/lib/python3.6/dist-packages/bzt/resources/10-base-config.yml as YAML
[2020-07-16 16:08:32,470 DEBUG Engine] User configs list: ['/home/gsaha/.bzt-rc', 'performance-testing.yml']
[2020-07-16 16:08:32,470 DEBUG Engine.Configuration] Configs: ['/home/gsaha/.bzt-rc', 'performance-testing.yml']
[2020-07-16 16:08:32,472 DEBUG Engine.Configuration] Reading /home/gsaha/.bzt-rc as YAML
[2020-07-16 16:08:32,476 DEBUG Engine.Configuration] Reading performance-testing.yml as YAML
[2020-07-16 16:08:32,479 DEBUG Engine.Configuration] Configs: ['/home/gsaha/.bzt-rc', 'performance-testing.yml']
[2020-07-16 16:08:32,480 DEBUG Engine.Configuration] Reading /home/gsaha/.bzt-rc as YAML
[2020-07-16 16:08:32,484 DEBUG Engine.Configuration] Reading performance-testing.yml as YAML
[2020-07-16 16:08:32,487 DEBUG Engine] Requesting updates info: https://gettaurus.org/updates/?version=1.14.2&installID=linux-2816ad55131f
[2020-07-16 16:08:32,487 INFO Engine] Artifacts dir: /home/gsaha/Desktop/performance/taurus_bzt/2020-07-16_16-08-32.487609
[2020-07-16 16:08:32,487 DEBUG HTTPClient] Making HTTP request GET https://gettaurus.org/updates/?version=1.14.2&installID=linux-2816ad55131f
[2020-07-16 16:08:32,488 DEBUG Engine] New artifact filename: /home/gsaha/Desktop/performance/taurus_bzt/2020-07-16_16-08-32.487609/effective
[2020-07-16 16:08:32,491 DEBUG urllib3.connectionpool] Starting new HTTPS connection (1): gettaurus.org
[2020-07-16 16:08:32,495 DEBUG Engine.Configuration] Dumping YAML config into /home/gsaha/Desktop/performance/taurus_bzt/2020-07-16_16-08-32.487609/effective.yml
[2020-07-16 16:08:32,513 DEBUG Engine.Configuration] Dumping JSON config into /home/gsaha/Desktop/performance/taurus_bzt/2020-07-16_16-08-32.487609/effective.json
[2020-07-16 16:08:32,515 DEBUG Engine] New artifact filename: /home/gsaha/Desktop/performance/taurus_bzt/2020-07-16_16-08-32.487609/merged.yml
[2020-07-16 16:08:32,516 DEBUG Engine.Configuration] Dumping YAML config into /home/gsaha/Desktop/performance/taurus_bzt/2020-07-16_16-08-32.487609/merged.yml
[2020-07-16 16:08:32,518 DEBUG Engine] New artifact filename: /home/gsaha/Desktop/performance/taurus_bzt/2020-07-16_16-08-32.487609/merged.json
[2020-07-16 16:08:32,518 DEBUG Engine.Configuration] Dumping JSON config into /home/gsaha/Desktop/performance/taurus_bzt/2020-07-16_16-08-32.487609/merged.json
[2020-07-16 16:08:32,519 DEBUG Engine] Add existing artifact (move=False): performance-testing.yml
[2020-07-16 16:08:32,519 DEBUG Engine] Copying performance-testing.yml to /home/gsaha/Desktop/performance/taurus_bzt/2020-07-16_16-08-32.487609/performance-testing.yml
[2020-07-16 16:08:32,521 DEBUG root] Closing log handler: /tmp/bzt_4tfmx7ek.log
[2020-07-16 16:08:32,523 DEBUG root] Switched writing logs to /home/gsaha/Desktop/performance/taurus_bzt/2020-07-16_16-08-32.487609/bzt.log
[2020-07-16 16:08:32,523 DEBUG root] Linting config
[2020-07-16 16:08:32,525 WARNING root] at path 'execution': 'execution' should be a list
[2020-07-16 16:08:32,525 INFO Engine] Preparing...
[2020-07-16 16:08:32,525 DEBUG Engine] Module config: consolidator {'class': 'bzt.modules.aggregator.ConsolidatingAggregator'}
[2020-07-16 16:08:32,525 DEBUG root] Importing module: bzt.modules.aggregator
[2020-07-16 16:08:32,726 DEBUG root] Loading class: 'ConsolidatingAggregator' from <module 'bzt.modules.aggregator' from '/usr/local/lib/python3.6/dist-packages/bzt/modules/aggregator.py'>
[2020-07-16 16:08:32,726 DEBUG Engine.consolidator] Buffer scaling setup: percentile 95.0 from [0.0, 50.0, 90.0, 95.0, 99.0, 99.9, 100.0] selected
[2020-07-16 16:08:32,726 DEBUG Engine] Module config: monitoring {'class': 'bzt.modules.monitoring.Monitoring'}
[2020-07-16 16:08:32,726 DEBUG root] Importing module: bzt.modules.monitoring
[2020-07-16 16:08:32,730 DEBUG root] Loading class: 'Monitoring' from <module 'bzt.modules.monitoring' from '/usr/local/lib/python3.6/dist-packages/bzt/modules/monitoring.py'>
[2020-07-16 16:08:32,730 DEBUG Engine] Module config: local {'class': 'bzt.modules.provisioning.Local'}
[2020-07-16 16:08:32,730 DEBUG root] Importing module: bzt.modules.provisioning
[2020-07-16 16:08:32,730 DEBUG root] Loading class: 'Local' from <module 'bzt.modules.provisioning' from '/usr/local/lib/python3.6/dist-packages/bzt/modules/provisioning.py'>
[2020-07-16 16:08:32,730 DEBUG Engine] Module config: jmeter {'class': 'bzt.modules.jmeter.JMeterExecutor', 'protocol-handlers': {'http': 'bzt.jmx.http.HTTPProtocolHandler'}, 'plugins': ['jpgc-casutg', 'jpgc-dummy', 'jpgc-ffw', 'jpgc-fifo', 'jpgc-functions', 'jpgc-json', 'jpgc-perfmon', 'jpgc-prmctl', 'jpgc-tst'], 'properties': {'jmeter.save.saveservice.autoflush': 'true', 'jmeter.save.saveservice.connect_time': 'true', 'jmeterengine.force.system.exit': 'true', 'summariser.name': ''}}
[2020-07-16 16:08:32,730 DEBUG root] Importing module: bzt.modules.jmeter
[2020-07-16 16:08:32,754 DEBUG root] Loading class: 'JMeterExecutor' from <module 'bzt.modules.jmeter' from '/usr/local/lib/python3.6/dist-packages/bzt/modules/jmeter.py'>
[2020-07-16 16:08:32,754 DEBUG Engine.local] Preparing executor: jmeter/140364788417424
[2020-07-16 16:08:32,754 DEBUG Engine] New artifact filename: /home/gsaha/Desktop/performance/taurus_bzt/2020-07-16_16-08-32.487609/jmeter.log
[2020-07-16 16:08:32,754 DEBUG Engine.jmeter] Checking if port 4445 is free
[2020-07-16 16:08:32,755 DEBUG Engine.jmeter] Port 4445 is free
[2020-07-16 16:08:32,755 DEBUG Engine.jmeter] Using port 4445 for management
[2020-07-16 16:08:32,755 DEBUG Engine.jmeter] Extract {'script': '../script_jmeter/performance_gateway.jmx', 'properties': {'hostam`e': 'https://qa-secure.culqi.xyz/'}} into scenarios
[2020-07-16 16:08:32,755 DEBUG Engine.jmeter] Additional properties: {'jmeter.save.saveservice.autoflush': 'true', 'jmeter.save.saveservice.connect_time': 'true', 'jmeterengine.force.system.exit': 'true', 'summariser.name': '', 'hostam`e': 'https://qa-secure.culqi.xyz/', 'jmeterengine.nongui.port': 4445, 'jmeterengine.nongui.maxport': 4445, 'jmeter.save.saveservice.timestamp_format': 'ms', 'sampleresult.default.encoding': 'UTF-8', 'user.classpath': '/home/gsaha/Desktop/performance/taurus_bzt/2020-07-16_16-08-32.487609:/home/gsaha/Desktop/performance/script_jmeter'}
[2020-07-16 16:08:32,755 DEBUG Engine] New artifact filename: /home/gsaha/Desktop/performance/taurus_bzt/2020-07-16_16-08-32.487609/jmeter-bzt.properties
[2020-07-16 16:08:32,756 DEBUG Engine.jmeter.JavaVM] Trying JavaVM: ['java', '-version']
[2020-07-16 16:08:32,757 DEBUG root] Executing shell: ['java', '-version'] at .
[2020-07-16 16:08:32,807 DEBUG Engine.jmeter.JavaVM] JavaVM output: openjdk version "11.0.6" 2020-01-14
OpenJDK Runtime Environment (build 11.0.6+10-post-Ubuntu-1ubuntu118.04.1)
OpenJDK 64-Bit Server VM (build 11.0.6+10-post-Ubuntu-1ubuntu118.04.1, mixed mode, sharing)

[2020-07-16 16:08:32,807 DEBUG Engine.jmeter.TclLibrary] We don't need to check tcl library on this platform
[2020-07-16 16:08:32,808 DEBUG Engine.jmeter.JMeter] Trying JMeter..
[2020-07-16 16:08:32,808 DEBUG root] Executing shell: ['/home/gsaha/.bzt/jmeter-taurus/5.2.1/bin/jmeter.sh', '-j', '/tmp/jmeter2qcr31txlog', '--version'] at .
[2020-07-16 16:08:34,213 DEBUG Engine.jmeter.JMeter] JMeter check:     _    ____   _    ____ _   _ _____       _ __  __ _____ _____ _____ ____
   / \  |  _ \ / \  / ___| | | | ____|     | |  \/  | ____|_   _| ____|  _ \
  / _ \ | |_) / _ \| |   | |_| |  _|    _  | | |\/| |  _|   | | |  _| | |_) |
 / ___ \|  __/ ___ \ |___|  _  | |___  | |_| | |  | | |___  | | | |___|  _ <
/_/   \_\_| /_/   \_\____|_| |_|_____|  \___/|_|  |_|_____| |_| |_____|_| \_\ 5.2.1

Copyright (c) 1999-2019 The Apache Software Foundation

 / 
[2020-07-16 16:08:34,217 DEBUG Engine] New artifact filename: /home/gsaha/Desktop/performance/taurus_bzt/2020-07-16_16-08-32.487609/kpi.jtl
[2020-07-16 16:08:34,218 DEBUG Engine] New artifact filename: /home/gsaha/Desktop/performance/taurus_bzt/2020-07-16_16-08-32.487609/error.jtl
[2020-07-16 16:08:34,219 DEBUG Engine.jmeter.LoadSettingsProcessor] Load: LoadSpec(concurrency=3, throughput=None, ramp_up=1.0, hold=60.0, iterations=0, duration=61.0, steps=None)
[2020-07-16 16:08:34,221 DEBUG Engine.jmeter.LoadSettingsProcessor.ThreadGroupHandler] Converting ThreadGroup (prueba_performance) to ConcurrencyThreadGroup and apply load parameters
[2020-07-16 16:08:34,222 DEBUG JMX] Saving JMX to: /home/gsaha/Desktop/performance/script_jmeter/modified_performance_gateway.jmx
[2020-07-16 16:08:34,224 DEBUG root] Executing shell: ['/home/gsaha/.bzt/jmeter-taurus/5.2.1/bin/PluginsManagerCMD.sh', 'install-for-jmx', '/home/gsaha/Desktop/performance/script_jmeter/modified_performance_gateway.jmx'] at .
[2020-07-16 16:08:34,638 DEBUG urllib3.connectionpool] https://gettaurus.org:443 "GET /updates/?version=1.14.2&installID=linux-2816ad55131f HTTP/1.1" 200 40
[2020-07-16 16:08:34,639 DEBUG Engine] Taurus updates info: {'latest': '1.14.2', 'needsUpgrade': False}
[2020-07-16 16:08:34,639 DEBUG Engine] Installation is up-to-date
[2020-07-16 16:08:36,100 DEBUG Engine.jmeter.JMeter] Try to detect plugins for /home/gsaha/Desktop/performance/script_jmeter/modified_performance_gateway.jmx
2020-07-16 16:08:35,269 INFO o.j.r.PluginManagerCMD: Command is: install-for-jmx
2020-07-16 16:08:35,337 INFO o.j.r.JARSourceHTTP: Found cached repo
2020-07-16 16:08:35,559 INFO o.j.r.PluginManager: Plugins Status: [jpgc-functions=2.1, jpgc-casutg=2.9, jpgc-dummy=0.4, jpgc-ffw=2.0, jpgc-fifo=0.2, jpgc-json=2.7, jpgc-prmctl=0.4, jpgc-perfmon=2.1, jpgc-plugins-manager=1.3, jpgc-tst=2.5, jmeter-core=5.2.1, jmeter-ftp=5.2.1, jmeter-http=5.2.1, jmeter-jdbc=5.2.1, jmeter-jms=5.2.1, jmeter-junit=5.2.1, jmeter-java=5.2.1, jmeter-ldap=5.2.1, jmeter-mail=5.2.1, jmeter-mongodb=5.2.1, jmeter-native=5.2.1, jmeter-tcp=5.2.1, jmeter-components=5.2.1]
2020-07-16 16:08:35,562 INFO o.j.r.PluginManagerCMD: Params line is: /home/gsaha/Desktop/performance/script_jmeter/modified_performance_gateway.jmx
2020-07-16 16:08:35,826 INFO o.a.j.s.SaveService: Testplan (JMX) version: 2.2. Testlog (JTL) version: 2.2
2020-07-16 16:08:35,840 INFO o.a.j.s.SaveService: Using SaveService properties version 5.0
2020-07-16 16:08:35,844 INFO o.a.j.s.SaveService: Using SaveService properties file encoding UTF-8
2020-07-16 16:08:35,951 INFO o.a.j.p.h.s.HTTPSamplerBase: Parser for text/html is org.apache.jmeter.protocol.http.parser.LagartoBasedHtmlParser
2020-07-16 16:08:35,952 INFO o.a.j.p.h.s.HTTPSamplerBase: Parser for application/xhtml+xml is org.apache.jmeter.protocol.http.parser.LagartoBasedHtmlParser
2020-07-16 16:08:35,952 INFO o.a.j.p.h.s.HTTPSamplerBase: Parser for application/xml is org.apache.jmeter.protocol.http.parser.LagartoBasedHtmlParser
2020-07-16 16:08:35,952 INFO o.a.j.p.h.s.HTTPSamplerBase: Parser for text/xml is org.apache.jmeter.protocol.http.parser.LagartoBasedHtmlParser
2020-07-16 16:08:35,952 INFO o.a.j.p.h.s.HTTPSamplerBase: Parser for text/vnd.wap.wml is org.apache.jmeter.protocol.http.parser.RegexpHTMLParser
2020-07-16 16:08:35,953 INFO o.a.j.p.h.s.HTTPSamplerBase: Parser for text/css is org.apache.jmeter.protocol.http.parser.CssParser
2020-07-16 16:08:36,066 INFO o.j.r.PluginManager: Finishing without changes

WARNING: An illegal reflective access operation has occurred
WARNING: Illegal reflective access by com.thoughtworks.xstream.core.util.Fields (file:/home/gsaha/.bzt/jmeter-taurus/5.2.1/lib/xstream-1.4.11.jar) to field java.util.TreeMap.comparator
WARNING: Please consider reporting this to the maintainers of com.thoughtworks.xstream.core.util.Fields
WARNING: Use --illegal-access=warn to enable warnings of further illegal reflective access operations
WARNING: All illegal access operations will be denied in a future release

[2020-07-16 16:08:36,100 DEBUG Engine] New artifact filename: /home/gsaha/Desktop/performance/taurus_bzt/2020-07-16_16-08-32.487609/jmeter.out
[2020-07-16 16:08:36,100 DEBUG Engine] New artifact filename: /home/gsaha/Desktop/performance/taurus_bzt/2020-07-16_16-08-32.487609/jmeter.err
[2020-07-16 16:08:36,101 DEBUG Engine] Module config: final-stats {'class': 'bzt.modules.reporting.FinalStatus'}
[2020-07-16 16:08:36,101 DEBUG root] Importing module: bzt.modules.reporting
[2020-07-16 16:08:36,116 DEBUG easyprocess] version=0.2.10
[2020-07-16 16:08:36,119 DEBUG pyvirtualdisplay] version=0.2.5
[2020-07-16 16:08:36,131 DEBUG root] Loading class: 'FinalStatus' from <module 'bzt.modules.reporting' from '/usr/local/lib/python3.6/dist-packages/bzt/modules/reporting.py'>
[2020-07-16 16:08:36,131 DEBUG Engine] Module config: console {'class': 'bzt.modules.console.ConsoleStatusReporter'}
[2020-07-16 16:08:36,131 DEBUG root] Importing module: bzt.modules.console
[2020-07-16 16:08:36,131 DEBUG root] Loading class: 'ConsoleStatusReporter' from <module 'bzt.modules.console' from '/usr/local/lib/python3.6/dist-packages/bzt/modules/console.py'>
[2020-07-16 16:08:36,131 DEBUG Engine] Module config: blazemeter {'class': 'bzt.modules.blazemeter.BlazeMeterUploader', 'token': '********'}
[2020-07-16 16:08:36,131 DEBUG root] Importing module: bzt.modules.blazemeter
[2020-07-16 16:08:36,131 DEBUG root] Loading class: 'BlazeMeterUploader' from <module 'bzt.modules.blazemeter' from '/usr/local/lib/python3.6/dist-packages/bzt/modules/blazemeter.py'>
[2020-07-16 16:08:36,131 DEBUG Engine] Module config: junit-xml {'class': 'bzt.modules.reporting.JUnitXMLReporter'}
[2020-07-16 16:08:36,132 DEBUG root] Importing module: bzt.modules.reporting
[2020-07-16 16:08:36,132 DEBUG root] Loading class: 'JUnitXMLReporter' from <module 'bzt.modules.reporting' from '/usr/local/lib/python3.6/dist-packages/bzt/modules/reporting.py'>
[2020-07-16 16:08:36,136 DEBUG Engine.blazemeter] Installing http client
[2020-07-16 16:08:36,136 DEBUG User] Request: GET https://a.blazemeter.com/api/v4/web/version None
[2020-07-16 16:08:36,136 DEBUG HTTPClient] Making HTTP request GET https://a.blazemeter.com/api/v4/web/version
[2020-07-16 16:08:36,138 DEBUG urllib3.connectionpool] Starting new HTTPS connection (1): a.blazemeter.com
[2020-07-16 16:08:37,995 DEBUG urllib3.connectionpool] https://a.blazemeter.com:443 "GET /api/v4/web/version HTTP/1.1" 200 None
[2020-07-16 16:08:38,001 DEBUG User] Response [200]: {
    "api_version": 4,
    "error": null,
    "result": "BACKEND-CI/release-2020-07-07-247 14 release-2020-07-07-247 25f1cae95832fe22c283de4b1de106c4f5df68d6 Thu Jul 9 12:11:41 2020 +0300 25f1cae95832fe22c283de4b1de106c4f5df68d6\n",
    "request_id": "5f1
[2020-07-16 16:08:38,002 DEBUG User] Request: GET https://a.blazemeter.com/api/v4/accounts None
[2020-07-16 16:08:38,002 DEBUG HTTPClient] Making HTTP request GET https://a.blazemeter.com/api/v4/accounts
[2020-07-16 16:08:38,398 DEBUG urllib3.connectionpool] https://a.blazemeter.com:443 "GET /api/v4/accounts HTTP/1.1" 200 None
[2020-07-16 16:08:38,402 DEBUG User] Response [200]: {
    "limit": 10,
    "skip": 0,
    "total": 1,
    "hidden": 0,
    "api_version": 4,
    "error": null,
    "result": [
        {
            "id": 497197,
            "name": "gourab.saha@culqi.com",
            "thumbnailUrl": null,
            "sale
[2020-07-16 16:08:38,405 DEBUG User] Request: GET https://a.blazemeter.com/api/v4/workspaces?accountId=497197&enabled=true&limit=100 None
[2020-07-16 16:08:38,405 DEBUG HTTPClient] Making HTTP request GET https://a.blazemeter.com/api/v4/workspaces?accountId=497197&enabled=true&limit=100
[2020-07-16 16:08:38,713 DEBUG urllib3.connectionpool] https://a.blazemeter.com:443 "GET /api/v4/workspaces?accountId=497197&enabled=true&limit=100 HTTP/1.1" 200 None
[2020-07-16 16:08:38,717 DEBUG User] Response [200]: {
    "limit": 100,
    "skip": 0,
    "total": 1,
    "hidden": 0,
    "api_version": 4,
    "error": null,
    "result": [
        {
            "id": 498442,
            "name": "Default workspace",
            "userId": 929706,
            "created": 1
[2020-07-16 16:08:38,721 DEBUG User] Request: GET https://a.blazemeter.com/api/v4/projects?workspaceId=498442&name=Culqi+Tests None
[2020-07-16 16:08:38,721 DEBUG HTTPClient] Making HTTP request GET https://a.blazemeter.com/api/v4/projects?workspaceId=498442&name=Culqi+Tests
[2020-07-16 16:08:39,073 DEBUG urllib3.connectionpool] https://a.blazemeter.com:443 "GET /api/v4/projects?workspaceId=498442&name=Culqi+Tests HTTP/1.1" 200 None
[2020-07-16 16:08:39,078 DEBUG User] Response [200]: {
    "limit": 10,
    "skip": 0,
    "total": 2,
    "hidden": 0,
    "api_version": 4,
    "error": null,
    "result": [
        {
            "id": 692745,
            "name": "Culqi Tests",
            "userId": 929706,
            "description": null
[2020-07-16 16:08:39,081 DEBUG User] Request: GET https://a.blazemeter.com/api/v4/tests?projectId=692745&name=performance+transaction None
[2020-07-16 16:08:39,082 DEBUG HTTPClient] Making HTTP request GET https://a.blazemeter.com/api/v4/tests?projectId=692745&name=performance+transaction
[2020-07-16 16:08:39,391 DEBUG urllib3.connectionpool] https://a.blazemeter.com:443 "GET /api/v4/tests?projectId=692745&name=performance+transaction HTTP/1.1" 200 None
[2020-07-16 16:08:39,394 DEBUG User] Response [200]: {
    "limit": 10,
    "skip": 0,
    "total": 1,
    "hidden": 0,
    "api_version": 4,
    "error": null,
    "result": [
        {
            "id": 8290237,
            "name": "performance transaction",
            "isNewTest": false,
            "use
[2020-07-16 16:08:39,399 DEBUG Engine.Configuration] Dumping YAML config into /home/gsaha/Desktop/performance/taurus_bzt/2020-07-16_16-08-32.487609/effective.yml
[2020-07-16 16:08:39,436 DEBUG Engine.Configuration] Dumping JSON config into /home/gsaha/Desktop/performance/taurus_bzt/2020-07-16_16-08-32.487609/effective.json
[2020-07-16 16:08:39,440 INFO Engine] Starting...
[2020-07-16 16:08:39,440 DEBUG Engine] Startup <bzt.modules.monitoring.Monitoring object at 0x7fa94dc1fcc0>
[2020-07-16 16:08:39,440 DEBUG Engine] Startup <bzt.modules.aggregator.ConsolidatingAggregator object at 0x7fa94dc1f898>
[2020-07-16 16:08:39,441 DEBUG Engine] Startup <bzt.modules.reporting.FinalStatus object at 0x7fa939508a58>
[2020-07-16 16:08:39,441 DEBUG Engine] Startup <bzt.modules.console.ConsoleStatusReporter object at 0x7fa94dbb1f60>
[2020-07-16 16:08:39,441 INFO Engine.console] Waiting for results...
[2020-07-16 16:08:39,442 DEBUG Engine] Startup <bzt.modules.blazemeter.BlazeMeterUploader object at 0x7fa9392c9ef0>
[2020-07-16 16:08:39,442 INFO Engine.blazemeter] Initiating data feeding...
[2020-07-16 16:08:39,442 DEBUG User] Request: POST https://a.blazemeter.com/api/v4/tests/8290237/start-external None
[2020-07-16 16:08:39,442 DEBUG HTTPClient] Making HTTP request POST https://a.blazemeter.com/api/v4/tests/8290237/start-external
[2020-07-16 16:08:40,043 DEBUG urllib3.connectionpool] https://a.blazemeter.com:443 "POST /api/v4/tests/8290237/start-external HTTP/1.1" 202 2668
[2020-07-16 16:08:40,047 DEBUG User] Response [202]: {
    "api_version": 4,
    "error": null,
    "result": {
        "session": {
            "id": "r-ext5f10c1d84c112",
            "name": "performance transaction",
            "userId": 929706,
            "offset": 0,
            "statusCode": 15,
    
[2020-07-16 16:08:40,050 DEBUG User] Request: PATCH https://a.blazemeter.com/api/v4/sessions/r-ext5f10c1d84c112 {
 "name": "prueba performance"
}
[2020-07-16 16:08:40,050 DEBUG HTTPClient] Making HTTP request PATCH https://a.blazemeter.com/api/v4/sessions/r-ext5f10c1d84c112
[2020-07-16 16:08:40,432 DEBUG urllib3.connectionpool] https://a.blazemeter.com:443 "PATCH /api/v4/sessions/r-ext5f10c1d84c112 HTTP/1.1" 200 None
[2020-07-16 16:08:40,436 DEBUG User] Response [200]: {
    "api_version": 4,
    "error": null,
    "result": {
        "id": "r-ext5f10c1d84c112",
        "name": "prueba performance",
        "userId": 929706,
        "offset": 0,
        "statusCode": 15,
        "status": "INITIALIZING",
        "labels"
[2020-07-16 16:08:40,437 INFO Engine.blazemeter] Started data feeding: https://a.blazemeter.com/app/#/masters/29962354
[2020-07-16 16:08:40,467 DEBUG Engine] Startup <bzt.modules.reporting.JUnitXMLReporter object at 0x7fa9388a0240>
[2020-07-16 16:08:40,472 DEBUG Engine] Startup <bzt.modules.provisioning.Local object at 0x7fa94dc02588>
[2020-07-16 16:08:40,474 DEBUG Engine.local] Delay setup for jmeter/performance_gateway.jmx: 0(start-at) + 0(delay) = 0
[2020-07-16 16:08:40,490 DEBUG Engine.Configuration] Dumping YAML config into /home/gsaha/Desktop/performance/taurus_bzt/2020-07-16_16-08-32.487609/effective.yml
[2020-07-16 16:08:40,566 DEBUG Engine.Configuration] Dumping JSON config into /home/gsaha/Desktop/performance/taurus_bzt/2020-07-16_16-08-32.487609/effective.json
[2020-07-16 16:08:40,568 DEBUG root] Leveling down log file verbosity to INFO, use -v option to have DEBUG messages enabled
[2020-07-16 16:08:40,569 DEBUG root] Leveled up log file verbosity
[2020-07-16 16:08:40,570 DEBUG root] Executing shell: ['/home/gsaha/.bzt/jmeter-taurus/5.2.1/bin/jmeter.sh', '-t', '/home/gsaha/Desktop/performance/script_jmeter/modified_performance_gateway.jmx', '-j', '/home/gsaha/Desktop/performance/taurus_bzt/2020-07-16_16-08-32.487609/jmeter.log', '-q', '/home/gsaha/Desktop/performance/taurus_bzt/2020-07-16_16-08-32.487609/jmeter-bzt.properties', '-n'] at /home/gsaha/Desktop/performance/taurus_bzt
[2020-07-16 16:08:40,581 DEBUG Engine.local] Starting execution: jmeter/performance_gateway.jmx, rest of available slots: 9223372036854775806
[2020-07-16 16:08:40,582 DEBUG root] Leveling down log file verbosity to INFO, use -v option to have DEBUG messages enabled
[2020-07-16 16:08:40,825 INFO Engine.console] Waiting for finish...
[2020-07-16 16:09:17,372 INFO Engine.jmeter.JTLReader] Changed data analysis delay to 61s
[2020-07-16 16:09:47,951 WARNING Engine] Please wait for graceful shutdown...
[2020-07-16 16:09:47,956 DEBUG root] Leveled up log file verbosity
[2020-07-16 16:09:47,956 INFO Engine] Shutting down...
[2020-07-16 16:09:47,961 DEBUG Engine] Current stop reason: None
[2020-07-16 16:09:47,962 DEBUG Engine.local] Shutdown jmeter/performance_gateway.jmx
[2020-07-16 16:09:47,962 DEBUG Engine.console] Restoring logging streams, [<StreamHandler (INFO)>]/{<StreamHandler (INFO)>: <_io.TextIOWrapper name='<stdout>' mode='w' encoding='UTF-8'>}
[2020-07-16 16:09:47,966 DEBUG Engine.Configuration] Dumping YAML config into /home/gsaha/Desktop/performance/taurus_bzt/2020-07-16_16-08-32.487609/effective.yml
[2020-07-16 16:09:47,995 DEBUG Engine.Configuration] Dumping JSON config into /home/gsaha/Desktop/performance/taurus_bzt/2020-07-16_16-08-32.487609/effective.json
[2020-07-16 16:09:47,998 INFO Engine] Post-processing...
[2020-07-16 16:09:47,998 DEBUG Engine.local] Post-process jmeter/performance_gateway.jmx
[2020-07-16 16:09:47,998 DEBUG Engine] Add existing artifact (move=True): /home/gsaha/Desktop/performance/script_jmeter/modified_performance_gateway.jmx
[2020-07-16 16:09:47,998 DEBUG Engine] Moving /home/gsaha/Desktop/performance/script_jmeter/modified_performance_gateway.jmx to /home/gsaha/Desktop/performance/taurus_bzt/2020-07-16_16-08-32.487609/modified_performance_gateway.jmx
[2020-07-16 16:09:48,000 DEBUG Engine.jmeter.JTLReader] Buffer len: 3; Known errors count: 2
[2020-07-16 16:09:48,000 DEBUG Engine.jmeter.JTLReader] Aggregating: 1594933724, 3 in buffer
[2020-07-16 16:09:48,001 DEBUG Engine.jmeter.JTLErrorsReader] Got error info for 1594933724, labels: dict_keys(['token', ''])
[2020-07-16 16:09:48,002 DEBUG Engine.jmeter.JTLReader] Buffer len: 2; Known errors count: 2
[2020-07-16 16:09:48,074 DEBUG Engine.jmeter.JTLReader] Aggregating: 1594933754, 2 in buffer
[2020-07-16 16:09:48,078 DEBUG Engine.jmeter.JTLErrorsReader] Got error info for 1594933754, labels: dict_keys(['cargo', ''])
[2020-07-16 16:09:48,079 DEBUG Engine.jmeter.JTLReader] Buffer len: 1; Known errors count: 2
[2020-07-16 16:09:48,119 DEBUG Engine.jmeter.JTLReader] Aggregating: 1594933756, 1 in buffer
[2020-07-16 16:09:48,120 DEBUG Engine.jmeter.JTLErrorsReader] Got error info for 1594933756, labels: dict_keys(['token', ''])
[2020-07-16 16:09:48,121 DEBUG Engine.jmeter.JTLReader] Buffer len: 0; Known errors count: 2
[2020-07-16 16:09:48,121 DEBUG Engine.consolidator] Consolidator buffer[4]: dict_keys([1594933723, 1594933724, 1594933754, 1594933756])
[2020-07-16 16:09:48,121 DEBUG Engine.consolidator] Merging into 1594933723
[2020-07-16 16:09:48,121 DEBUG Engine.consolidator] Bypassing consolidation because of single result
[2020-07-16 16:09:48,186 DEBUG Engine.consolidator] Processed datapoint: 1594933723/ConsolidatingAggregator@140365130758296
[2020-07-16 16:09:48,186 DEBUG Engine.consolidator] Merging into 1594933724
[2020-07-16 16:09:48,186 DEBUG Engine.consolidator] Bypassing consolidation because of single result
[2020-07-16 16:09:48,247 DEBUG Engine.consolidator] Processed datapoint: 1594933724/ConsolidatingAggregator@140365130758296
[2020-07-16 16:09:48,247 DEBUG Engine.consolidator] Merging into 1594933754
[2020-07-16 16:09:48,247 DEBUG Engine.consolidator] Bypassing consolidation because of single result
[2020-07-16 16:09:48,289 DEBUG Engine.consolidator] Processed datapoint: 1594933754/ConsolidatingAggregator@140365130758296
[2020-07-16 16:09:48,289 DEBUG Engine.consolidator] Merging into 1594933756
[2020-07-16 16:09:48,289 DEBUG Engine.consolidator] Bypassing consolidation because of single result
[2020-07-16 16:09:48,352 DEBUG Engine.consolidator] Processed datapoint: 1594933756/ConsolidatingAggregator@140365130758296
[2020-07-16 16:09:48,352 INFO Engine.final-stats] Test duration: 0:01:08
[2020-07-16 16:09:48,353 INFO Engine.final-stats] Samples count: 9, 100.00% failures
[2020-07-16 16:09:48,353 INFO Engine.final-stats] Average times: total 20.694, latency 20.693, connect 0.817
[2020-07-16 16:09:48,353 INFO Engine.final-stats] Percentiles:
(0lqqqqqqqqqqqqqqqwqqqqqqqqqqqqqqqk(B
(0x(B Percentile, % (0x(B Resp. Time, s (0x(B
(0tqqqqqqqqqqqqqqqnqqqqqqqqqqqqqqqu(B
(0x(B           0.0 (0x(B          2.07 (0x(B
(0x(B          50.0 (0x(B        29.744 (0x(B
(0x(B          90.0 (0x(B        30.704 (0x(B
(0x(B          95.0 (0x(B        30.704 (0x(B
(0x(B          99.0 (0x(B        30.704 (0x(B
(0x(B          99.9 (0x(B        30.704 (0x(B
(0x(B         100.0 (0x(B        30.704 (0x(B
(0mqqqqqqqqqqqqqqqvqqqqqqqqqqqqqqqj(B
[2020-07-16 16:09:48,355 INFO Engine.final-stats] Request label stats:
(0lqqqqqqqwqqqqqqqqwqqqqqqqwqqqqqqqqwqqqqqqqqqqqqqqqqqk(B
(0x(B label (0x(B status (0x(B  succ (0x(B avg_rt (0x(B error           (0x(B
(0tqqqqqqqnqqqqqqqqnqqqqqqqnqqqqqqqqnqqqqqqqqqqqqqqqqqu(B
(0x(B cargo (0x(B  FAIL  (0x(B 0.00% (0x(B  2.148 (0x(B Bad Request     (0x(B
(0x(B token (0x(B  FAIL  (0x(B 0.00% (0x(B 29.967 (0x(B Gateway Timeout (0x(B
(0mqqqqqqqvqqqqqqqqvqqqqqqqvqqqqqqqqvqqqqqqqqqqqqqqqqqj(B
[2020-07-16 16:09:48,355 DEBUG Engine.console] No logger_handler or orig_stream was detected
[2020-07-16 16:09:48,355 DEBUG Engine.blazemeter] KPI bulk buffer len in post-proc: 4
[2020-07-16 16:09:48,355 INFO Engine.blazemeter] Sending remaining KPI data to server...
[2020-07-16 16:09:48,505 DEBUG User] Request: POST https://data.blazemeter.com/submit.php?session_id=r-ext5f10c1d84c112&signature=ci1leHQ1ZjEwYzFkODRjMTEyOjE1OTYxNDMzMjA6OTQxMDM4NzcwNjQ2NDljYTNlZTliMjRmNThhZTI2M2RjMmQ5MGQ5NGIwMGI2OWQ5OGUyYzExZDQwMmQxYjEwYzQ5OTllNjY1OTkyNDY5NGJlMGNjMTM3OGY3ZGUzZWE2ZTIxNzEwNzI0ODI0MGUwNDI0NmVlYmI3NDg2OGE3ZWI=&test_id=8290237&user_id=929706&pq=0&target=labels_bulk&update=1 b'{\n "labels": [\n  {\n   "n": 9,\n   "name": "ALL",\n   "interval": 1,\n   "intervals": [\n    {\n     "ec": 1,\n     "ts": 1594933723,\n     "na": 3,\n     "n": 1,\n     "failed": 1,\n     "rc": [\n      {\n       "n": 1,\n       "f": [\n        1\n       ],\n       "rc": "'
[2020-07-16 16:09:48,505 DEBUG HTTPClient] Making HTTP request POST https://data.blazemeter.com/submit.php?session_id=r-ext5f10c1d84c112&signature=ci1leHQ1ZjEwYzFkODRjMTEyOjE1OTYxNDMzMjA6OTQxMDM4NzcwNjQ2NDljYTNlZTliMjRmNThhZTI2M2RjMmQ5MGQ5NGIwMGI2OWQ5OGUyYzExZDQwMmQxYjEwYzQ5OTllNjY1OTkyNDY5NGJlMGNjMTM3OGY3ZGUzZWE2ZTIxNzEwNzI0ODI0MGUwNDI0NmVlYmI3NDg2OGE3ZWI=&test_id=8290237&user_id=929706&pq=0&target=labels_bulk&update=1
[2020-07-16 16:09:48,957 DEBUG urllib3.connectionpool] https://data.blazemeter.com:443 "POST /submit.php?session_id=r-ext5f10c1d84c112&signature=ci1leHQ1ZjEwYzFkODRjMTEyOjE1OTYxNDMzMjA6OTQxMDM4NzcwNjQ2NDljYTNlZTliMjRmNThhZTI2M2RjMmQ5MGQ5NGIwMGI2OWQ5OGUyYzExZDQwMmQxYjEwYzQ5OTllNjY1OTkyNDY5NGJlMGNjMTM3OGY3ZGUzZWE2ZTIxNzEwNzI0ODI0MGUwNDI0NmVlYmI3NDg2OGE3ZWI=&test_id=8290237&user_id=929706&pq=0&target=labels_bulk&update=1 HTTP/1.1" 200 148
[2020-07-16 16:09:48,960 DEBUG User] Response [200]: {"api_version":2,"error":null,"result":{"session":{"_id":"r-ext5f10c1d84c112","name":"prueba performance","statusCode":15,"status":"INITIALIZING"}}}
[2020-07-16 16:09:48,989 DEBUG User] Request: POST https://data.blazemeter.com/api/v4/image/r-ext5f10c1d84c112/files?signature=ci1leHQ1ZjEwYzFkODRjMTEyOjE1OTYxNDMzMjA6OTQxMDM4NzcwNjQ2NDljYTNlZTliMjRmNThhZTI2M2RjMmQ5MGQ5NGIwMGI2OWQ5OGUyYzExZDQwMmQxYjEwYzQ5OTllNjY1OTkyNDY5NGJlMGNjMTM3OGY3ZGUzZWE2ZTIxNzEwNzI0ODI0MGUwNDI0NmVlYmI3NDg2OGE3ZWI=&masterId=29962354 b'--===============5581845945178512335==\r\nContent-Disposition: file; name="file"; filename="r-ext5f10c1d84c112-0-c.monitoring.json"\r\nContent-Type: application/json\r\n\r\n{\n "reportInfo": {\n  "sessionId": "r-ext5f10c1d84c112",\n  "timestamp": 1594933788.968093,\n '
[2020-07-16 16:09:48,989 DEBUG HTTPClient] Making HTTP request POST https://data.blazemeter.com/api/v4/image/r-ext5f10c1d84c112/files?signature=ci1leHQ1ZjEwYzFkODRjMTEyOjE1OTYxNDMzMjA6OTQxMDM4NzcwNjQ2NDljYTNlZTliMjRmNThhZTI2M2RjMmQ5MGQ5NGIwMGI2OWQ5OGUyYzExZDQwMmQxYjEwYzQ5OTllNjY1OTkyNDY5NGJlMGNjMTM3OGY3ZGUzZWE2ZTIxNzEwNzI0ODI0MGUwNDI0NmVlYmI3NDg2OGE3ZWI=&masterId=29962354
[2020-07-16 16:09:50,198 DEBUG urllib3.connectionpool] https://data.blazemeter.com:443 "POST /api/v4/image/r-ext5f10c1d84c112/files?signature=ci1leHQ1ZjEwYzFkODRjMTEyOjE1OTYxNDMzMjA6OTQxMDM4NzcwNjQ2NDljYTNlZTliMjRmNThhZTI2M2RjMmQ5MGQ5NGIwMGI2OWQ5OGUyYzExZDQwMmQxYjEwYzQ5OTllNjY1OTkyNDY5NGJlMGNjMTM3OGY3ZGUzZWE2ZTIxNzEwNzI0ODI0MGUwNDI0NmVlYmI3NDg2OGE3ZWI=&masterId=29962354 HTTP/1.1" 200 150
[2020-07-16 16:09:50,204 DEBUG User] Response [200]: {
    "api_version": 4,
    "error": null,
    "result": [
        "r-ext5f10c1d84c112-0-c.monitoring.json"
    ],
    "request_id": "5f10c21e360f9"
}
[2020-07-16 16:09:50,253 INFO Engine.blazemeter] Uploading all artifacts as artifacts.zip ...
[2020-07-16 16:09:50,253 DEBUG User] Request: POST https://data.blazemeter.com/api/v4/image/r-ext5f10c1d84c112/files?signature=ci1leHQ1ZjEwYzFkODRjMTEyOjE1OTYxNDMzMjA6OTQxMDM4NzcwNjQ2NDljYTNlZTliMjRmNThhZTI2M2RjMmQ5MGQ5NGIwMGI2OWQ5OGUyYzExZDQwMmQxYjEwYzQ5OTllNjY1OTkyNDY5NGJlMGNjMTM3OGY3ZGUzZWE2ZTIxNzEwNzI0ODI0MGUwNDI0NmVlYmI3NDg2OGE3ZWI=&masterId=29962354 b'--===============7047984050775870391==\r\nContent-Disposition: file; name="file"; filename="artifacts.zip"\r\nContent-Type: application/zip\r\n\r\nPK\x03\x04\x14\x00\x00\x00\x08\x00\x10\x81\xf0P\xa7\xbe\xe64\xf8\x00\x00\x00\xbe\x01\x00\x00\x15\x00\x00\x00jmeter-bzt.properties\x85\x8f\xcbr\x830\x0cE\xf7\xfc\x0b6\xa1\x94\xd0\xccx\xd7\xe9\x17\xb4k\xaa:\x02\x9c\xe2G,9C\xf2\xf55\xc9\xa6\xcf\xe9\xc6\x1a\x8f\x8e\x8e\xae\x0e\x16\x19\xa3 8\xe1\xf5!\x8c\'\xa3Q@b?\xcc\x89&\xc51a'
[2020-07-16 16:09:50,254 DEBUG HTTPClient] Making HTTP request POST https://data.blazemeter.com/api/v4/image/r-ext5f10c1d84c112/files?signature=ci1leHQ1ZjEwYzFkODRjMTEyOjE1OTYxNDMzMjA6OTQxMDM4NzcwNjQ2NDljYTNlZTliMjRmNThhZTI2M2RjMmQ5MGQ5NGIwMGI2OWQ5OGUyYzExZDQwMmQxYjEwYzQ5OTllNjY1OTkyNDY5NGJlMGNjMTM3OGY3ZGUzZWE2ZTIxNzEwNzI0ODI0MGUwNDI0NmVlYmI3NDg2OGE3ZWI=&masterId=29962354
[2020-07-16 16:09:51,415 DEBUG urllib3.connectionpool] https://data.blazemeter.com:443 "POST /api/v4/image/r-ext5f10c1d84c112/files?signature=ci1leHQ1ZjEwYzFkODRjMTEyOjE1OTYxNDMzMjA6OTQxMDM4NzcwNjQ2NDljYTNlZTliMjRmNThhZTI2M2RjMmQ5MGQ5NGIwMGI2OWQ5OGUyYzExZDQwMmQxYjEwYzQ5OTllNjY1OTkyNDY5NGJlMGNjMTM3OGY3ZGUzZWE2ZTIxNzEwNzI0ODI0MGUwNDI0NmVlYmI3NDg2OGE3ZWI=&masterId=29962354 HTTP/1.1" 200 125
[2020-07-16 16:09:51,419 DEBUG User] Response [200]: {
    "api_version": 4,
    "error": null,
    "result": [
        "artifacts.zip"
    ],
    "request_id": "5f10c21f533af"
}
[2020-07-16 16:09:51,421 DEBUG User] Request: POST https://data.blazemeter.com/api/v4/image/r-ext5f10c1d84c112/files?signature=ci1leHQ1ZjEwYzFkODRjMTEyOjE1OTYxNDMzMjA6OTQxMDM4NzcwNjQ2NDljYTNlZTliMjRmNThhZTI2M2RjMmQ5MGQ5NGIwMGI2OWQ5OGUyYzExZDQwMmQxYjEwYzQ5OTllNjY1OTkyNDY5NGJlMGNjMTM3OGY3ZGUzZWE2ZTIxNzEwNzI0ODI0MGUwNDI0NmVlYmI3NDg2OGE3ZWI=&masterId=29962354 b'--===============0624482998458984681==\r\nContent-Disposition: file; name="file"; filename="artifacts.zip.tail.bz"\r\nContent-Type: application/octet-stream\r\n\r\n30.86K bzt.log\n6.113K effective.json\n4.966K effective.yml\n15.56K error.jtl\n446  jmeter-bzt.propertie'
[2020-07-16 16:09:51,421 DEBUG HTTPClient] Making HTTP request POST https://data.blazemeter.com/api/v4/image/r-ext5f10c1d84c112/files?signature=ci1leHQ1ZjEwYzFkODRjMTEyOjE1OTYxNDMzMjA6OTQxMDM4NzcwNjQ2NDljYTNlZTliMjRmNThhZTI2M2RjMmQ5MGQ5NGIwMGI2OWQ5OGUyYzExZDQwMmQxYjEwYzQ5OTllNjY1OTkyNDY5NGJlMGNjMTM3OGY3ZGUzZWE2ZTIxNzEwNzI0ODI0MGUwNDI0NmVlYmI3NDg2OGE3ZWI=&masterId=29962354
[2020-07-16 16:09:52,542 DEBUG urllib3.connectionpool] https://data.blazemeter.com:443 "POST /api/v4/image/r-ext5f10c1d84c112/files?signature=ci1leHQ1ZjEwYzFkODRjMTEyOjE1OTYxNDMzMjA6OTQxMDM4NzcwNjQ2NDljYTNlZTliMjRmNThhZTI2M2RjMmQ5MGQ5NGIwMGI2OWQ5OGUyYzExZDQwMmQxYjEwYzQ5OTllNjY1OTkyNDY5NGJlMGNjMTM3OGY3ZGUzZWE2ZTIxNzEwNzI0ODI0MGUwNDI0NmVlYmI3NDg2OGE3ZWI=&masterId=29962354 HTTP/1.1" 200 133
[2020-07-16 16:09:52,546 DEBUG User] Response [200]: {
    "api_version": 4,
    "error": null,
    "result": [
        "artifacts.zip.tail.bz"
    ],
    "request_id": "5f10c220418d6"
}
[2020-07-16 16:09:52,546 INFO Engine.blazemeter] Uploading /home/gsaha/Desktop/performance/taurus_bzt/2020-07-16_16-08-32.487609/bzt.log
[2020-07-16 16:09:52,557 DEBUG User] Request: POST https://data.blazemeter.com/api/v4/image/r-ext5f10c1d84c112/files?signature=ci1leHQ1ZjEwYzFkODRjMTEyOjE1OTYxNDMzMjA6OTQxMDM4NzcwNjQ2NDljYTNlZTliMjRmNThhZTI2M2RjMmQ5MGQ5NGIwMGI2OWQ5OGUyYzExZDQwMmQxYjEwYzQ5OTllNjY1OTkyNDY5NGJlMGNjMTM3OGY3ZGUzZWE2ZTIxNzEwNzI0ODI0MGUwNDI0NmVlYmI3NDg2OGE3ZWI=&masterId=29962354 b'--===============9000677588489478493==\r\nContent-Disposition: file; name="file"; filename="bzt.log"\r\nContent-Type: application/octet-stream\r\n\r\n[2020-07-16 16:08:32,427 INFO root] Taurus CLI Tool v1.14.2\n[2020-07-16 16:08:32,428 DEBUG root] Command-line opti'
[2020-07-16 16:09:52,558 DEBUG HTTPClient] Making HTTP request POST https://data.blazemeter.com/api/v4/image/r-ext5f10c1d84c112/files?signature=ci1leHQ1ZjEwYzFkODRjMTEyOjE1OTYxNDMzMjA6OTQxMDM4NzcwNjQ2NDljYTNlZTliMjRmNThhZTI2M2RjMmQ5MGQ5NGIwMGI2OWQ5OGUyYzExZDQwMmQxYjEwYzQ5OTllNjY1OTkyNDY5NGJlMGNjMTM3OGY3ZGUzZWE2ZTIxNzEwNzI0ODI0MGUwNDI0NmVlYmI3NDg2OGE3ZWI=&masterId=29962354
[2020-07-16 16:09:53,730 DEBUG urllib3.connectionpool] https://data.blazemeter.com:443 "POST /api/v4/image/r-ext5f10c1d84c112/files?signature=ci1leHQ1ZjEwYzFkODRjMTEyOjE1OTYxNDMzMjA6OTQxMDM4NzcwNjQ2NDljYTNlZTliMjRmNThhZTI2M2RjMmQ5MGQ5NGIwMGI2OWQ5OGUyYzExZDQwMmQxYjEwYzQ5OTllNjY1OTkyNDY5NGJlMGNjMTM3OGY3ZGUzZWE2ZTIxNzEwNzI0ODI0MGUwNDI0NmVlYmI3NDg2OGE3ZWI=&masterId=29962354 HTTP/1.1" 200 119
[2020-07-16 16:09:53,731 DEBUG User] Response [200]: {
    "api_version": 4,
    "error": null,
    "result": [
        "bzt.log"
    ],
    "request_id": "5f10c221b0063"
}
[2020-07-16 16:09:53,732 DEBUG User] Request: POST https://data.blazemeter.com/api/v4/image/r-ext5f10c1d84c112/files?signature=ci1leHQ1ZjEwYzFkODRjMTEyOjE1OTYxNDMzMjA6OTQxMDM4NzcwNjQ2NDljYTNlZTliMjRmNThhZTI2M2RjMmQ5MGQ5NGIwMGI2OWQ5OGUyYzExZDQwMmQxYjEwYzQ5OTllNjY1OTkyNDY5NGJlMGNjMTM3OGY3ZGUzZWE2ZTIxNzEwNzI0ODI0MGUwNDI0NmVlYmI3NDg2OGE3ZWI=&masterId=29962354 b'--===============3075106185955493750==\r\nContent-Disposition: file; name="file"; filename="bzt.log.tail.bz"\r\nContent-Type: application/octet-stream\r\n\r\n[2020-07-16 16:09:51,415 DEBUG urllib3.connectionpool] https://data.blazemeter.com:443 "POST /api/v4/image'
[2020-07-16 16:09:53,732 DEBUG HTTPClient] Making HTTP request POST https://data.blazemeter.com/api/v4/image/r-ext5f10c1d84c112/files?signature=ci1leHQ1ZjEwYzFkODRjMTEyOjE1OTYxNDMzMjA6OTQxMDM4NzcwNjQ2NDljYTNlZTliMjRmNThhZTI2M2RjMmQ5MGQ5NGIwMGI2OWQ5OGUyYzExZDQwMmQxYjEwYzQ5OTllNjY1OTkyNDY5NGJlMGNjMTM3OGY3ZGUzZWE2ZTIxNzEwNzI0ODI0MGUwNDI0NmVlYmI3NDg2OGE3ZWI=&masterId=29962354
[2020-07-16 16:09:54,592 DEBUG urllib3.connectionpool] https://data.blazemeter.com:443 "POST /api/v4/image/r-ext5f10c1d84c112/files?signature=ci1leHQ1ZjEwYzFkODRjMTEyOjE1OTYxNDMzMjA6OTQxMDM4NzcwNjQ2NDljYTNlZTliMjRmNThhZTI2M2RjMmQ5MGQ5NGIwMGI2OWQ5OGUyYzExZDQwMmQxYjEwYzQ5OTllNjY1OTkyNDY5NGJlMGNjMTM3OGY3ZGUzZWE2ZTIxNzEwNzI0ODI0MGUwNDI0NmVlYmI3NDg2OGE3ZWI=&masterId=29962354 HTTP/1.1" 200 127
[2020-07-16 16:09:54,594 DEBUG User] Response [200]: {
    "api_version": 4,
    "error": null,
    "result": [
        "bzt.log.tail.bz"
    ],
    "request_id": "5f10c2228c485"
}
[2020-07-16 16:09:54,594 DEBUG Engine.blazemeter] Set last check time to: 1594933716.13176
[2020-07-16 16:09:54,594 INFO Engine.blazemeter] Ending data feeding...
[2020-07-16 16:09:54,594 DEBUG User] Request: POST https://a.blazemeter.com/api/v4/sessions/r-ext5f10c1d84c112/stop None
[2020-07-16 16:09:54,594 DEBUG HTTPClient] Making HTTP request POST https://a.blazemeter.com/api/v4/sessions/r-ext5f10c1d84c112/stop
[2020-07-16 16:09:54,954 DEBUG urllib3.connectionpool] https://a.blazemeter.com:443 "POST /api/v4/sessions/r-ext5f10c1d84c112/stop HTTP/1.1" 202 104
[2020-07-16 16:09:54,956 DEBUG User] Response [202]: {
    "api_version": 4,
    "error": null,
    "result": "Stopping",
    "request_id": "5f10c223693b0"
}
[2020-07-16 16:09:54,957 INFO Engine.blazemeter] Online report link: https://a.blazemeter.com/app/#/masters/29962354
[2020-07-16 16:09:54,958 WARNING Engine.XUnitFileWriter] File report.xml already exists, it will be overwritten
[2020-07-16 16:09:54,958 INFO Engine.XUnitFileWriter] Writing JUnit XML report into: report.xml
[2020-07-16 16:09:54,966 DEBUG Engine.Configuration] Dumping YAML config into /home/gsaha/Desktop/performance/taurus_bzt/2020-07-16_16-08-32.487609/effective.yml
[2020-07-16 16:09:55,033 DEBUG Engine.Configuration] Dumping JSON config into /home/gsaha/Desktop/performance/taurus_bzt/2020-07-16_16-08-32.487609/effective.json
[2020-07-16 16:09:55,035 INFO root] Artifacts dir: /home/gsaha/Desktop/performance/taurus_bzt/2020-07-16_16-08-32.487609
[2020-07-16 16:09:55,036 INFO root] Done performing with code: 0
[2020-07-16 16:09:55,036 DEBUG root] Closing log handler: /home/gsaha/Desktop/performance/taurus_bzt/2020-07-16_16-08-32.487609/bzt.log
