2020-07-16 16:08:42,228 INFO o.a.j.u.JMeterUtils: Setting Locale to en_GB
2020-07-16 16:08:42,273 INFO o.a.j.JMeter: Loading user properties from: /home/gsaha/.bzt/jmeter-taurus/5.2.1/bin/user.properties
2020-07-16 16:08:42,276 INFO o.a.j.JMeter: Loading system properties from: /home/gsaha/.bzt/jmeter-taurus/5.2.1/bin/system.properties
2020-07-16 16:08:42,278 INFO o.a.j.JMeter: Loading additional properties from: /home/gsaha/Desktop/performance/taurus_bzt/2020-07-16_16-08-32.487609/jmeter-bzt.properties
2020-07-16 16:08:42,283 INFO o.a.j.JMeter: Copyright (c) 1998-2019 The Apache Software Foundation
2020-07-16 16:08:42,283 INFO o.a.j.JMeter: Version 5.2.1
2020-07-16 16:08:42,284 INFO o.a.j.JMeter: java.version=11.0.6
2020-07-16 16:08:42,284 INFO o.a.j.JMeter: java.vm.name=OpenJDK 64-Bit Server VM
2020-07-16 16:08:42,284 INFO o.a.j.JMeter: os.name=Linux
2020-07-16 16:08:42,284 INFO o.a.j.JMeter: os.arch=amd64
2020-07-16 16:08:42,284 INFO o.a.j.JMeter: os.version=5.0.0-32-generic
2020-07-16 16:08:42,284 INFO o.a.j.JMeter: file.encoding=UTF-8
2020-07-16 16:08:42,284 INFO o.a.j.JMeter: java.awt.headless=true
2020-07-16 16:08:42,284 INFO o.a.j.JMeter: Max memory     =4123000832
2020-07-16 16:08:42,285 INFO o.a.j.JMeter: Available Processors =4
2020-07-16 16:08:42,295 INFO o.a.j.JMeter: Default Locale=English (United Kingdom)
2020-07-16 16:08:42,295 INFO o.a.j.JMeter: JMeter  Locale=English (United Kingdom)
2020-07-16 16:08:42,295 INFO o.a.j.JMeter: JMeterHome=/home/gsaha/.bzt/jmeter-taurus/5.2.1
2020-07-16 16:08:42,295 INFO o.a.j.JMeter: user.dir  =/home/gsaha/Desktop/performance/taurus_bzt
2020-07-16 16:08:42,296 INFO o.a.j.JMeter: PWD       =/home/gsaha/Desktop/performance/taurus_bzt
2020-07-16 16:08:42,389 INFO o.a.j.JMeter: IP: 192.168.1.35 Name: gs FullName: gs.home
2020-07-16 16:08:42,389 INFO o.a.j.JMeter: user.classpath=/home/gsaha/Desktop/performance/taurus_bzt/2020-07-16_16-08-32.487609:/home/gsaha/Desktop/performance/script_jmeter
2020-07-16 16:08:42,390 INFO o.a.j.JMeter: Adding to classpath and loader: /home/gsaha/Desktop/performance/taurus_bzt/2020-07-16_16-08-32.487609
2020-07-16 16:08:42,391 INFO o.a.j.JMeter: Adding to classpath and loader: /home/gsaha/Desktop/performance/script_jmeter
2020-07-16 16:08:42,400 INFO o.a.j.s.FileServer: Default base='/home/gsaha/Desktop/performance/taurus_bzt'
2020-07-16 16:08:42,403 INFO o.a.j.s.FileServer: Set new base='/home/gsaha/Desktop/performance/script_jmeter'
2020-07-16 16:08:42,682 INFO o.a.j.s.SaveService: Testplan (JMX) version: 2.2. Testlog (JTL) version: 2.2
2020-07-16 16:08:42,704 INFO o.a.j.s.SaveService: Using SaveService properties version 5.0
2020-07-16 16:08:42,709 INFO o.a.j.s.SaveService: Using SaveService properties file encoding UTF-8
2020-07-16 16:08:42,716 INFO o.a.j.s.SaveService: Loading file: /home/gsaha/Desktop/performance/script_jmeter/modified_performance_gateway.jmx
2020-07-16 16:08:42,792 INFO o.a.j.p.h.s.HTTPSamplerBase: Parser for text/html is org.apache.jmeter.protocol.http.parser.LagartoBasedHtmlParser
2020-07-16 16:08:42,793 INFO o.a.j.p.h.s.HTTPSamplerBase: Parser for application/xhtml+xml is org.apache.jmeter.protocol.http.parser.LagartoBasedHtmlParser
2020-07-16 16:08:42,793 INFO o.a.j.p.h.s.HTTPSamplerBase: Parser for application/xml is org.apache.jmeter.protocol.http.parser.LagartoBasedHtmlParser
2020-07-16 16:08:42,793 INFO o.a.j.p.h.s.HTTPSamplerBase: Parser for text/xml is org.apache.jmeter.protocol.http.parser.LagartoBasedHtmlParser
2020-07-16 16:08:42,793 INFO o.a.j.p.h.s.HTTPSamplerBase: Parser for text/vnd.wap.wml is org.apache.jmeter.protocol.http.parser.RegexpHTMLParser
2020-07-16 16:08:42,794 INFO o.a.j.p.h.s.HTTPSamplerBase: Parser for text/css is org.apache.jmeter.protocol.http.parser.CssParser
2020-07-16 16:08:42,855 INFO o.a.j.e.StandardJMeterEngine: Running the test!
2020-07-16 16:08:42,860 INFO o.a.j.s.SampleEvent: List of sample_variables: []
2020-07-16 16:08:42,860 INFO o.a.j.s.SampleEvent: List of sample_variables: []
2020-07-16 16:08:42,869 INFO o.a.j.e.u.CompoundVariable: Note: Function class names must contain the string: '.functions.'
2020-07-16 16:08:42,869 INFO o.a.j.e.u.CompoundVariable: Note: Function class names must not contain the string: '.gui.'
2020-07-16 16:08:43,254 INFO o.a.j.JMeter: Running test (1594933723254)
2020-07-16 16:08:43,279 INFO o.a.j.e.StandardJMeterEngine: Starting ThreadGroup: 1 : prueba_performance
2020-07-16 16:08:43,280 INFO o.a.j.e.StandardJMeterEngine: Starting 3 threads for group prueba_performance.
2020-07-16 16:08:43,280 INFO o.a.j.e.StandardJMeterEngine: Thread will continue on error
2020-07-16 16:08:43,285 INFO o.a.j.e.StandardJMeterEngine: All thread groups have been started
2020-07-16 16:08:43,285 INFO c.b.j.t.c.ConcurrencyThreadStarter: Start supplying threads
2020-07-16 16:08:43,489 INFO o.a.j.s.SampleResult: Note: Sample TimeStamps are START times
2020-07-16 16:08:43,502 INFO o.a.j.s.SampleResult: sampleresult.default.encoding is set to UTF-8
2020-07-16 16:08:43,505 INFO o.a.j.s.SampleResult: sampleresult.useNanoTime=true
2020-07-16 16:08:43,507 INFO o.a.j.s.SampleResult: sampleresult.nanoThreadSleep=5000
2020-07-16 16:08:43,605 INFO o.a.j.t.JMeterThread: Thread started: prueba_performance-ThreadStarter 1-1
2020-07-16 16:08:43,608 INFO o.a.j.s.FileServer: Stored: /home/gsaha/Desktop/performance/data_excel/info.csv
2020-07-16 16:08:43,630 INFO o.a.j.p.h.s.HTTPHCAbstractImpl: Local host = gs
2020-07-16 16:08:43,640 INFO o.a.j.p.h.s.HTTPHC4Impl: HTTP request retry count = 0
2020-07-16 16:08:43,972 INFO o.a.j.p.h.s.h.LazyLayeredConnectionSocketFactory: Setting up HTTPS TrustAll Socket Factory
2020-07-16 16:08:44,021 INFO o.a.j.u.JsseSSLManager: Using default SSL protocol: TLS
2020-07-16 16:08:44,022 INFO o.a.j.u.JsseSSLManager: SSL session context: per-thread
2020-07-16 16:08:44,356 INFO o.a.j.u.SSLManager: JmeterKeyStore Location:  type JKS
2020-07-16 16:08:44,361 INFO o.a.j.u.SSLManager: KeyStore created OK
2020-07-16 16:08:44,362 WARN o.a.j.u.SSLManager: Keystore file not found, loading empty keystore
2020-07-16 16:08:44,525 INFO o.a.j.t.JMeterThread: Thread started: prueba_performance-ThreadStarter 1-3
2020-07-16 16:08:44,525 INFO o.a.j.t.JMeterThread: Thread started: prueba_performance-ThreadStarter 1-2
2020-07-16 16:09:44,555 INFO c.b.j.t.c.ConcurrencyThreadStarter: Done supplying threads
2020-07-16 16:09:46,405 INFO o.a.j.t.JMeterThread: Thread is done: prueba_performance-ThreadStarter 1-3
2020-07-16 16:09:46,405 INFO o.a.j.t.JMeterThread: Thread finished: prueba_performance-ThreadStarter 1-3
2020-07-16 16:09:46,414 INFO o.a.j.t.JMeterThread: Thread is done: prueba_performance-ThreadStarter 1-2
2020-07-16 16:09:46,416 INFO o.a.j.t.JMeterThread: Thread finished: prueba_performance-ThreadStarter 1-2
2020-07-16 16:09:46,590 INFO o.a.j.t.JMeterThread: Thread is done: prueba_performance-ThreadStarter 1-1
2020-07-16 16:09:46,591 INFO o.a.j.t.JMeterThread: Thread finished: prueba_performance-ThreadStarter 1-1
2020-07-16 16:09:46,594 INFO o.a.j.e.StandardJMeterEngine: Notifying test listeners of end of test
2020-07-16 16:09:46,595 INFO o.a.j.s.FileServer: Close: /home/gsaha/Desktop/performance/data_excel/info.csv
2020-07-16 16:09:46,610 INFO o.a.j.e.StandardJMeterEngine: Forced JVM shutdown requested at end of test
